<?xml version="1.0" encoding="UTF-8"?>
<testsuite xmlns:xsi="http://www.w3.org/2001/XMLSchema-instance" xsi:noNamespaceSchemaLocation="https://maven.apache.org/surefire/maven-surefire-plugin/xsd/surefire-test-report-3.0.xsd" version="3.0" name="com.pm.Q.A_Bot.ApplicationTests" time="8.616" tests="1" errors="0" skipped="0" failures="0">
  <properties>
    <property name="java.specification.version" value="23"/>
    <property name="sun.cpu.isalist" value="amd64"/>
    <property name="sun.jnu.encoding" value="Cp1252"/>
    <property name="java.class.path" value="C:\Users\LENOVO\Downloads\Q-A_Bot\target\test-classes;C:\Users\LENOVO\Downloads\Q-A_Bot\target\classes;C:\Users\LENOVO\.m2\repository\org\springframework\boot\spring-boot-starter-web\3.3.5\spring-boot-starter-web-3.3.5.jar;C:\Users\LENOVO\.m2\repository\org\springframework\boot\spring-boot-starter\3.3.5\spring-boot-starter-3.3.5.jar;C:\Users\LENOVO\.m2\repository\org\springframework\boot\spring-boot\3.3.5\spring-boot-3.3.5.jar;C:\Users\LENOVO\.m2\repository\org\springframework\boot\spring-boot-autoconfigure\3.3.5\spring-boot-autoconfigure-3.3.5.jar;C:\Users\LENOVO\.m2\repository\org\springframework\boot\spring-boot-starter-logging\3.3.5\spring-boot-starter-logging-3.3.5.jar;C:\Users\LENOVO\.m2\repository\ch\qos\logback\logback-classic\1.5.11\logback-classic-1.5.11.jar;C:\Users\LENOVO\.m2\repository\ch\qos\logback\logback-core\1.5.11\logback-core-1.5.11.jar;C:\Users\LENOVO\.m2\repository\org\apache\logging\log4j\log4j-to-slf4j\2.23.1\log4j-to-slf4j-2.23.1.jar;C:\Users\LENOVO\.m2\repository\org\slf4j\jul-to-slf4j\2.0.16\jul-to-slf4j-2.0.16.jar;C:\Users\LENOVO\.m2\repository\jakarta\annotation\jakarta.annotation-api\2.1.1\jakarta.annotation-api-2.1.1.jar;C:\Users\LENOVO\.m2\repository\org\yaml\snakeyaml\2.2\snakeyaml-2.2.jar;C:\Users\LENOVO\.m2\repository\org\springframework\boot\spring-boot-starter-json\3.3.5\spring-boot-starter-json-3.3.5.jar;C:\Users\LENOVO\.m2\repository\com\fasterxml\jackson\core\jackson-databind\2.17.2\jackson-databind-2.17.2.jar;C:\Users\LENOVO\.m2\repository\com\fasterxml\jackson\core\jackson-annotations\2.17.2\jackson-annotations-2.17.2.jar;C:\Users\LENOVO\.m2\repository\com\fasterxml\jackson\datatype\jackson-datatype-jdk8\2.17.2\jackson-datatype-jdk8-2.17.2.jar;C:\Users\LENOVO\.m2\repository\com\fasterxml\jackson\datatype\jackson-datatype-jsr310\2.17.2\jackson-datatype-jsr310-2.17.2.jar;C:\Users\LENOVO\.m2\repository\com\fasterxml\jackson\module\jackson-module-parameter-names\2.17.2\jackson-module-parameter-names-2.17.2.jar;C:\Users\LENOVO\.m2\repository\org\springframework\boot\spring-boot-starter-tomcat\3.3.5\spring-boot-starter-tomcat-3.3.5.jar;C:\Users\LENOVO\.m2\repository\org\apache\tomcat\embed\tomcat-embed-core\10.1.31\tomcat-embed-core-10.1.31.jar;C:\Users\LENOVO\.m2\repository\org\apache\tomcat\embed\tomcat-embed-el\10.1.31\tomcat-embed-el-10.1.31.jar;C:\Users\LENOVO\.m2\repository\org\apache\tomcat\embed\tomcat-embed-websocket\10.1.31\tomcat-embed-websocket-10.1.31.jar;C:\Users\LENOVO\.m2\repository\org\springframework\spring-web\6.1.14\spring-web-6.1.14.jar;C:\Users\LENOVO\.m2\repository\org\springframework\spring-beans\6.1.14\spring-beans-6.1.14.jar;C:\Users\LENOVO\.m2\repository\io\micrometer\micrometer-observation\1.13.6\micrometer-observation-1.13.6.jar;C:\Users\LENOVO\.m2\repository\io\micrometer\micrometer-commons\1.13.6\micrometer-commons-1.13.6.jar;C:\Users\LENOVO\.m2\repository\org\springframework\spring-webmvc\6.1.14\spring-webmvc-6.1.14.jar;C:\Users\LENOVO\.m2\repository\org\springframework\spring-aop\6.1.14\spring-aop-6.1.14.jar;C:\Users\LENOVO\.m2\repository\org\springframework\spring-context\6.1.14\spring-context-6.1.14.jar;C:\Users\LENOVO\.m2\repository\org\springframework\spring-expression\6.1.14\spring-expression-6.1.14.jar;C:\Users\LENOVO\.m2\repository\com\google\protobuf\protobuf-java\4.29.3\protobuf-java-4.29.3.jar;C:\Users\LENOVO\.m2\repository\org\springframework\boot\spring-boot-starter-jdbc\3.3.5\spring-boot-starter-jdbc-3.3.5.jar;C:\Users\LENOVO\.m2\repository\com\zaxxer\HikariCP\5.1.0\HikariCP-5.1.0.jar;C:\Users\LENOVO\.m2\repository\org\springframework\spring-jdbc\6.1.14\spring-jdbc-6.1.14.jar;C:\Users\LENOVO\.m2\repository\org\springframework\spring-tx\6.1.14\spring-tx-6.1.14.jar;C:\Users\LENOVO\.m2\repository\org\projectlombok\lombok\1.18.34\lombok-1.18.34.jar;C:\Users\LENOVO\.m2\repository\org\springframework\boot\spring-boot-starter-test\3.3.5\spring-boot-starter-test-3.3.5.jar;C:\Users\LENOVO\.m2\repository\org\springframework\boot\spring-boot-test\3.3.5\spring-boot-test-3.3.5.jar;C:\Users\LENOVO\.m2\repository\org\springframework\boot\spring-boot-test-autoconfigure\3.3.5\spring-boot-test-autoconfigure-3.3.5.jar;C:\Users\LENOVO\.m2\repository\com\jayway\jsonpath\json-path\2.9.0\json-path-2.9.0.jar;C:\Users\LENOVO\.m2\repository\jakarta\xml\bind\jakarta.xml.bind-api\4.0.2\jakarta.xml.bind-api-4.0.2.jar;C:\Users\LENOVO\.m2\repository\jakarta\activation\jakarta.activation-api\2.1.3\jakarta.activation-api-2.1.3.jar;C:\Users\LENOVO\.m2\repository\net\minidev\json-smart\2.5.1\json-smart-2.5.1.jar;C:\Users\LENOVO\.m2\repository\net\minidev\accessors-smart\2.5.1\accessors-smart-2.5.1.jar;C:\Users\LENOVO\.m2\repository\org\assertj\assertj-core\3.25.3\assertj-core-3.25.3.jar;C:\Users\LENOVO\.m2\repository\net\bytebuddy\byte-buddy\1.14.19\byte-buddy-1.14.19.jar;C:\Users\LENOVO\.m2\repository\org\awaitility\awaitility\4.2.2\awaitility-4.2.2.jar;C:\Users\LENOVO\.m2\repository\org\hamcrest\hamcrest\2.2\hamcrest-2.2.jar;C:\Users\LENOVO\.m2\repository\org\junit\jupiter\junit-jupiter\5.10.5\junit-jupiter-5.10.5.jar;C:\Users\LENOVO\.m2\repository\org\junit\jupiter\junit-jupiter-api\5.10.5\junit-jupiter-api-5.10.5.jar;C:\Users\LENOVO\.m2\repository\org\opentest4j\opentest4j\1.3.0\opentest4j-1.3.0.jar;C:\Users\LENOVO\.m2\repository\org\junit\platform\junit-platform-commons\1.10.5\junit-platform-commons-1.10.5.jar;C:\Users\LENOVO\.m2\repository\org\apiguardian\apiguardian-api\1.1.2\apiguardian-api-1.1.2.jar;C:\Users\LENOVO\.m2\repository\org\junit\jupiter\junit-jupiter-params\5.10.5\junit-jupiter-params-5.10.5.jar;C:\Users\LENOVO\.m2\repository\org\junit\jupiter\junit-jupiter-engine\5.10.5\junit-jupiter-engine-5.10.5.jar;C:\Users\LENOVO\.m2\repository\org\junit\platform\junit-platform-engine\1.10.5\junit-platform-engine-1.10.5.jar;C:\Users\LENOVO\.m2\repository\org\mockito\mockito-core\5.11.0\mockito-core-5.11.0.jar;C:\Users\LENOVO\.m2\repository\net\bytebuddy\byte-buddy-agent\1.14.19\byte-buddy-agent-1.14.19.jar;C:\Users\LENOVO\.m2\repository\org\objenesis\objenesis\3.3\objenesis-3.3.jar;C:\Users\LENOVO\.m2\repository\org\mockito\mockito-junit-jupiter\5.11.0\mockito-junit-jupiter-5.11.0.jar;C:\Users\LENOVO\.m2\repository\org\skyscreamer\jsonassert\1.5.3\jsonassert-1.5.3.jar;C:\Users\LENOVO\.m2\repository\com\vaadin\external\google\android-json\0.0.20131108.vaadin1\android-json-0.0.20131108.vaadin1.jar;C:\Users\LENOVO\.m2\repository\org\springframework\spring-core\6.1.14\spring-core-6.1.14.jar;C:\Users\LENOVO\.m2\repository\org\springframework\spring-jcl\6.1.14\spring-jcl-6.1.14.jar;C:\Users\LENOVO\.m2\repository\org\springframework\spring-test\6.1.14\spring-test-6.1.14.jar;C:\Users\LENOVO\.m2\repository\org\xmlunit\xmlunit-core\2.9.1\xmlunit-core-2.9.1.jar;C:\Users\LENOVO\.m2\repository\org\springframework\ai\spring-ai-starter-model-ollama\1.0.1\spring-ai-starter-model-ollama-1.0.1.jar;C:\Users\LENOVO\.m2\repository\org\springframework\ai\spring-ai-autoconfigure-model-ollama\1.0.1\spring-ai-autoconfigure-model-ollama-1.0.1.jar;C:\Users\LENOVO\.m2\repository\org\springframework\ai\spring-ai-autoconfigure-retry\1.0.1\spring-ai-autoconfigure-retry-1.0.1.jar;C:\Users\LENOVO\.m2\repository\org\springframework\ai\spring-ai-autoconfigure-model-tool\1.0.1\spring-ai-autoconfigure-model-tool-1.0.1.jar;C:\Users\LENOVO\.m2\repository\org\springframework\ai\spring-ai-autoconfigure-model-chat-observation\1.0.1\spring-ai-autoconfigure-model-chat-observation-1.0.1.jar;C:\Users\LENOVO\.m2\repository\org\springframework\ai\spring-ai-autoconfigure-model-embedding-observation\1.0.1\spring-ai-autoconfigure-model-embedding-observation-1.0.1.jar;C:\Users\LENOVO\.m2\repository\org\springframework\ai\spring-ai-ollama\1.0.1\spring-ai-ollama-1.0.1.jar;C:\Users\LENOVO\.m2\repository\org\springframework\ai\spring-ai-model\1.0.1\spring-ai-model-1.0.1.jar;C:\Users\LENOVO\.m2\repository\org\springframework\ai\spring-ai-template-st\1.0.1\spring-ai-template-st-1.0.1.jar;C:\Users\LENOVO\.m2\repository\org\antlr\ST4\4.3.4\ST4-4.3.4.jar;C:\Users\LENOVO\.m2\repository\org\antlr\antlr-runtime\3.5.3\antlr-runtime-3.5.3.jar;C:\Users\LENOVO\.m2\repository\org\springframework\spring-messaging\6.1.14\spring-messaging-6.1.14.jar;C:\Users\LENOVO\.m2\repository\io\projectreactor\reactor-core\3.6.11\reactor-core-3.6.11.jar;C:\Users\LENOVO\.m2\repository\org\reactivestreams\reactive-streams\1.0.4\reactive-streams-1.0.4.jar;C:\Users\LENOVO\.m2\repository\org\antlr\antlr4-runtime\4.13.1\antlr4-runtime-4.13.1.jar;C:\Users\LENOVO\.m2\repository\com\github\victools\jsonschema-generator\4.37.0\jsonschema-generator-4.37.0.jar;C:\Users\LENOVO\.m2\repository\com\fasterxml\classmate\1.7.0\classmate-1.7.0.jar;C:\Users\LENOVO\.m2\repository\com\github\victools\jsonschema-module-jackson\4.37.0\jsonschema-module-jackson-4.37.0.jar;C:\Users\LENOVO\.m2\repository\com\github\victools\jsonschema-module-swagger-2\4.37.0\jsonschema-module-swagger-2-4.37.0.jar;C:\Users\LENOVO\.m2\repository\io\swagger\core\v3\swagger-annotations-jakarta\2.2.25\swagger-annotations-jakarta-2.2.25.jar;C:\Users\LENOVO\.m2\repository\org\springframework\ai\spring-ai-retry\1.0.1\spring-ai-retry-1.0.1.jar;C:\Users\LENOVO\.m2\repository\org\springframework\retry\spring-retry\2.0.10\spring-retry-2.0.10.jar;C:\Users\LENOVO\.m2\repository\org\springframework\spring-webflux\6.1.14\spring-webflux-6.1.14.jar;C:\Users\LENOVO\.m2\repository\org\springframework\ai\spring-ai-autoconfigure-model-chat-client\1.0.1\spring-ai-autoconfigure-model-chat-client-1.0.1.jar;C:\Users\LENOVO\.m2\repository\org\springframework\ai\spring-ai-client-chat\1.0.1\spring-ai-client-chat-1.0.1.jar;C:\Users\LENOVO\.m2\repository\org\springframework\ai\spring-ai-autoconfigure-model-chat-memory\1.0.1\spring-ai-autoconfigure-model-chat-memory-1.0.1.jar;C:\Users\LENOVO\.m2\repository\org\springframework\ai\spring-ai-starter-vector-store-pinecone\1.0.1\spring-ai-starter-vector-store-pinecone-1.0.1.jar;C:\Users\LENOVO\.m2\repository\org\springframework\ai\spring-ai-autoconfigure-vector-store-pinecone\1.0.1\spring-ai-autoconfigure-vector-store-pinecone-1.0.1.jar;C:\Users\LENOVO\.m2\repository\org\springframework\ai\spring-ai-autoconfigure-vector-store-observation\1.0.1\spring-ai-autoconfigure-vector-store-observation-1.0.1.jar;C:\Users\LENOVO\.m2\repository\org\springframework\ai\spring-ai-pinecone-store\1.0.1\spring-ai-pinecone-store-1.0.1.jar;C:\Users\LENOVO\.m2\repository\io\pinecone\pinecone-client\4.0.1\pinecone-client-4.0.1.jar;C:\Users\LENOVO\.m2\repository\io\grpc\grpc-netty\1.60.2\grpc-netty-1.60.2.jar;C:\Users\LENOVO\.m2\repository\io\netty\netty-codec-http2\4.1.114.Final\netty-codec-http2-4.1.114.Final.jar;C:\Users\LENOVO\.m2\repository\io\netty\netty-common\4.1.114.Final\netty-common-4.1.114.Final.jar;C:\Users\LENOVO\.m2\repository\io\netty\netty-buffer\4.1.114.Final\netty-buffer-4.1.114.Final.jar;C:\Users\LENOVO\.m2\repository\io\netty\netty-transport\4.1.114.Final\netty-transport-4.1.114.Final.jar;C:\Users\LENOVO\.m2\repository\io\netty\netty-resolver\4.1.114.Final\netty-resolver-4.1.114.Final.jar;C:\Users\LENOVO\.m2\repository\io\netty\netty-codec\4.1.114.Final\netty-codec-4.1.114.Final.jar;C:\Users\LENOVO\.m2\repository\io\netty\netty-handler\4.1.114.Final\netty-handler-4.1.114.Final.jar;C:\Users\LENOVO\.m2\repository\io\netty\netty-codec-http\4.1.114.Final\netty-codec-http-4.1.114.Final.jar;C:\Users\LENOVO\.m2\repository\io\netty\netty-handler-proxy\4.1.114.Final\netty-handler-proxy-4.1.114.Final.jar;C:\Users\LENOVO\.m2\repository\io\netty\netty-codec-socks\4.1.114.Final\netty-codec-socks-4.1.114.Final.jar;C:\Users\LENOVO\.m2\repository\io\netty\netty-transport-native-unix-common\4.1.114.Final\netty-transport-native-unix-common-4.1.114.Final.jar;C:\Users\LENOVO\.m2\repository\com\google\api\grpc\proto-google-common-protos\2.14.3\proto-google-common-protos-2.14.3.jar;C:\Users\LENOVO\.m2\repository\com\squareup\okhttp3\logging-interceptor\4.12.0\logging-interceptor-4.12.0.jar;C:\Users\LENOVO\.m2\repository\io\gsonfire\gson-fire\1.8.5\gson-fire-1.8.5.jar;C:\Users\LENOVO\.m2\repository\org\openapitools\jackson-databind-nullable\0.2.6\jackson-databind-nullable-0.2.6.jar;C:\Users\LENOVO\.m2\repository\io\netty\netty-tcnative-boringssl-static\2.0.66.Final\netty-tcnative-boringssl-static-2.0.66.Final.jar;C:\Users\LENOVO\.m2\repository\io\netty\netty-tcnative-classes\2.0.66.Final\netty-tcnative-classes-2.0.66.Final.jar;C:\Users\LENOVO\.m2\repository\io\netty\netty-tcnative-boringssl-static\2.0.66.Final\netty-tcnative-boringssl-static-2.0.66.Final-linux-x86_64.jar;C:\Users\LENOVO\.m2\repository\io\netty\netty-tcnative-boringssl-static\2.0.66.Final\netty-tcnative-boringssl-static-2.0.66.Final-linux-aarch_64.jar;C:\Users\LENOVO\.m2\repository\io\netty\netty-tcnative-boringssl-static\2.0.66.Final\netty-tcnative-boringssl-static-2.0.66.Final-osx-x86_64.jar;C:\Users\LENOVO\.m2\repository\io\netty\netty-tcnative-boringssl-static\2.0.66.Final\netty-tcnative-boringssl-static-2.0.66.Final-osx-aarch_64.jar;C:\Users\LENOVO\.m2\repository\io\netty\netty-tcnative-boringssl-static\2.0.66.Final\netty-tcnative-boringssl-static-2.0.66.Final-windows-x86_64.jar;C:\Users\LENOVO\.m2\repository\com\google\protobuf\protobuf-java-util\4.29.3\protobuf-java-util-4.29.3.jar;C:\Users\LENOVO\.m2\repository\com\google\code\findbugs\jsr305\3.0.2\jsr305-3.0.2.jar;C:\Users\LENOVO\.m2\repository\com\google\errorprone\error_prone_annotations\2.18.0\error_prone_annotations-2.18.0.jar;C:\Users\LENOVO\.m2\repository\com\google\guava\guava\32.0.1-jre\guava-32.0.1-jre.jar;C:\Users\LENOVO\.m2\repository\com\google\guava\failureaccess\1.0.1\failureaccess-1.0.1.jar;C:\Users\LENOVO\.m2\repository\com\google\guava\listenablefuture\9999.0-empty-to-avoid-conflict-with-guava\listenablefuture-9999.0-empty-to-avoid-conflict-with-guava.jar;C:\Users\LENOVO\.m2\repository\com\google\j2objc\j2objc-annotations\2.8\j2objc-annotations-2.8.jar;C:\Users\LENOVO\.m2\repository\org\springframework\ai\spring-ai-starter-vector-store-pgvector\1.0.1\spring-ai-starter-vector-store-pgvector-1.0.1.jar;C:\Users\LENOVO\.m2\repository\org\springframework\ai\spring-ai-autoconfigure-vector-store-pgvector\1.0.1\spring-ai-autoconfigure-vector-store-pgvector-1.0.1.jar;C:\Users\LENOVO\.m2\repository\org\springframework\ai\spring-ai-pgvector-store\1.0.1\spring-ai-pgvector-store-1.0.1.jar;C:\Users\LENOVO\.m2\repository\org\postgresql\postgresql\42.7.4\postgresql-42.7.4.jar;C:\Users\LENOVO\.m2\repository\org\checkerframework\checker-qual\3.42.0\checker-qual-3.42.0.jar;C:\Users\LENOVO\.m2\repository\com\pgvector\pgvector\0.1.6\pgvector-0.1.6.jar;C:\Users\LENOVO\.m2\repository\org\springframework\ai\spring-ai-milvus-store\1.0.1\spring-ai-milvus-store-1.0.1.jar;C:\Users\LENOVO\.m2\repository\org\springframework\ai\spring-ai-vector-store\1.0.1\spring-ai-vector-store-1.0.1.jar;C:\Users\LENOVO\.m2\repository\io\milvus\milvus-sdk-java\2.5.8\milvus-sdk-java-2.5.8.jar;C:\Users\LENOVO\.m2\repository\io\grpc\grpc-netty-shaded\1.59.1\grpc-netty-shaded-1.59.1.jar;C:\Users\LENOVO\.m2\repository\io\perfmark\perfmark-api\0.26.0\perfmark-api-0.26.0.jar;C:\Users\LENOVO\.m2\repository\io\grpc\grpc-core\1.59.1\grpc-core-1.59.1.jar;C:\Users\LENOVO\.m2\repository\com\google\android\annotations\4.1.1.4\annotations-4.1.1.4.jar;C:\Users\LENOVO\.m2\repository\org\codehaus\mojo\animal-sniffer-annotations\1.23\animal-sniffer-annotations-1.23.jar;C:\Users\LENOVO\.m2\repository\io\grpc\grpc-context\1.59.1\grpc-context-1.59.1.jar;C:\Users\LENOVO\.m2\repository\io\grpc\grpc-util\1.59.1\grpc-util-1.59.1.jar;C:\Users\LENOVO\.m2\repository\io\grpc\grpc-protobuf\1.59.1\grpc-protobuf-1.59.1.jar;C:\Users\LENOVO\.m2\repository\io\grpc\grpc-api\1.59.1\grpc-api-1.59.1.jar;C:\Users\LENOVO\.m2\repository\io\grpc\grpc-protobuf-lite\1.59.1\grpc-protobuf-lite-1.59.1.jar;C:\Users\LENOVO\.m2\repository\io\grpc\grpc-stub\1.59.1\grpc-stub-1.59.1.jar;C:\Users\LENOVO\.m2\repository\org\apache\commons\commons-text\1.10.0\commons-text-1.10.0.jar;C:\Users\LENOVO\.m2\repository\org\apache\commons\commons-collections4\4.3\commons-collections4-4.3.jar;C:\Users\LENOVO\.m2\repository\com\squareup\okhttp3\okhttp\4.12.0\okhttp-4.12.0.jar;C:\Users\LENOVO\.m2\repository\com\squareup\okio\okio\3.6.0\okio-3.6.0.jar;C:\Users\LENOVO\.m2\repository\com\squareup\okio\okio-jvm\3.6.0\okio-jvm-3.6.0.jar;C:\Users\LENOVO\.m2\repository\org\jetbrains\kotlin\kotlin-stdlib-common\1.9.25\kotlin-stdlib-common-1.9.25.jar;C:\Users\LENOVO\.m2\repository\org\jetbrains\kotlin\kotlin-stdlib-jdk8\1.9.25\kotlin-stdlib-jdk8-1.9.25.jar;C:\Users\LENOVO\.m2\repository\org\jetbrains\kotlin\kotlin-stdlib\1.9.25\kotlin-stdlib-1.9.25.jar;C:\Users\LENOVO\.m2\repository\org\jetbrains\kotlin\kotlin-stdlib-jdk7\1.9.25\kotlin-stdlib-jdk7-1.9.25.jar;C:\Users\LENOVO\.m2\repository\com\google\code\gson\gson\2.10.1\gson-2.10.1.jar;C:\Users\LENOVO\.m2\repository\org\apache\commons\commons-pool2\2.12.0\commons-pool2-2.12.0.jar;C:\Users\LENOVO\.m2\repository\org\apache\tika\tika-core\2.9.2\tika-core-2.9.2.jar;C:\Users\LENOVO\.m2\repository\org\slf4j\slf4j-api\2.0.16\slf4j-api-2.0.16.jar;C:\Users\LENOVO\.m2\repository\commons-io\commons-io\2.15.1\commons-io-2.15.1.jar;C:\Users\LENOVO\.m2\repository\org\apache\tika\tika-parsers-standard-package\2.9.2\tika-parsers-standard-package-2.9.2.jar;C:\Users\LENOVO\.m2\repository\org\apache\tika\tika-parser-apple-module\2.9.2\tika-parser-apple-module-2.9.2.jar;C:\Users\LENOVO\.m2\repository\org\apache\tika\tika-parser-zip-commons\2.9.2\tika-parser-zip-commons-2.9.2.jar;C:\Users\LENOVO\.m2\repository\com\googlecode\plist\dd-plist\1.28\dd-plist-1.28.jar;C:\Users\LENOVO\.m2\repository\org\apache\tika\tika-parser-audiovideo-module\2.9.2\tika-parser-audiovideo-module-2.9.2.jar;C:\Users\LENOVO\.m2\repository\com\drewnoakes\metadata-extractor\2.19.0\metadata-extractor-2.19.0.jar;C:\Users\LENOVO\.m2\repository\com\adobe\xmp\xmpcore\6.1.11\xmpcore-6.1.11.jar;C:\Users\LENOVO\.m2\repository\org\apache\tika\tika-parser-cad-module\2.9.2\tika-parser-cad-module-2.9.2.jar;C:\Users\LENOVO\.m2\repository\com\fasterxml\jackson\core\jackson-core\2.17.2\jackson-core-2.17.2.jar;C:\Users\LENOVO\.m2\repository\org\apache\tika\tika-parser-code-module\2.9.2\tika-parser-code-module-2.9.2.jar;C:\Users\LENOVO\.m2\repository\org\codelibs\jhighlight\1.1.0\jhighlight-1.1.0.jar;C:\Users\LENOVO\.m2\repository\org\ccil\cowan\tagsoup\tagsoup\1.2.1\tagsoup-1.2.1.jar;C:\Users\LENOVO\.m2\repository\org\ow2\asm\asm\9.7\asm-9.7.jar;C:\Users\LENOVO\.m2\repository\com\epam\parso\2.0.14\parso-2.0.14.jar;C:\Users\LENOVO\.m2\repository\org\tallison\jmatio\1.5\jmatio-1.5.jar;C:\Users\LENOVO\.m2\repository\org\apache\tika\tika-parser-crypto-module\2.9.2\tika-parser-crypto-module-2.9.2.jar;C:\Users\LENOVO\.m2\repository\org\bouncycastle\bcmail-jdk18on\1.77\bcmail-jdk18on-1.77.jar;C:\Users\LENOVO\.m2\repository\org\bouncycastle\bcutil-jdk18on\1.77\bcutil-jdk18on-1.77.jar;C:\Users\LENOVO\.m2\repository\org\bouncycastle\bcpkix-jdk18on\1.77\bcpkix-jdk18on-1.77.jar;C:\Users\LENOVO\.m2\repository\org\bouncycastle\bcprov-jdk18on\1.77\bcprov-jdk18on-1.77.jar;C:\Users\LENOVO\.m2\repository\org\apache\tika\tika-parser-digest-commons\2.9.2\tika-parser-digest-commons-2.9.2.jar;C:\Users\LENOVO\.m2\repository\commons-codec\commons-codec\1.16.1\commons-codec-1.16.1.jar;C:\Users\LENOVO\.m2\repository\org\apache\tika\tika-parser-font-module\2.9.2\tika-parser-font-module-2.9.2.jar;C:\Users\LENOVO\.m2\repository\org\apache\pdfbox\fontbox\2.0.31\fontbox-2.0.31.jar;C:\Users\LENOVO\.m2\repository\org\apache\tika\tika-parser-html-module\2.9.2\tika-parser-html-module-2.9.2.jar;C:\Users\LENOVO\.m2\repository\org\apache\tika\tika-parser-image-module\2.9.2\tika-parser-image-module-2.9.2.jar;C:\Users\LENOVO\.m2\repository\com\github\jai-imageio\jai-imageio-core\1.4.0\jai-imageio-core-1.4.0.jar;C:\Users\LENOVO\.m2\repository\org\apache\pdfbox\jbig2-imageio\3.0.4\jbig2-imageio-3.0.4.jar;C:\Users\LENOVO\.m2\repository\org\apache\tika\tika-parser-mail-module\2.9.2\tika-parser-mail-module-2.9.2.jar;C:\Users\LENOVO\.m2\repository\org\apache\tika\tika-parser-mail-commons\2.9.2\tika-parser-mail-commons-2.9.2.jar;C:\Users\LENOVO\.m2\repository\org\apache\james\apache-mime4j-core\0.8.11\apache-mime4j-core-0.8.11.jar;C:\Users\LENOVO\.m2\repository\org\apache\james\apache-mime4j-dom\0.8.11\apache-mime4j-dom-0.8.11.jar;C:\Users\LENOVO\.m2\repository\org\apache\tika\tika-parser-microsoft-module\2.9.2\tika-parser-microsoft-module-2.9.2.jar;C:\Users\LENOVO\.m2\repository\com\pff\java-libpst\0.9.3\java-libpst-0.9.3.jar;C:\Users\LENOVO\.m2\repository\org\apache\commons\commons-lang3\3.14.0\commons-lang3-3.14.0.jar;C:\Users\LENOVO\.m2\repository\org\apache\poi\poi\5.2.5\poi-5.2.5.jar;C:\Users\LENOVO\.m2\repository\org\apache\commons\commons-math3\3.6.1\commons-math3-3.6.1.jar;C:\Users\LENOVO\.m2\repository\com\zaxxer\SparseBitSet\1.3\SparseBitSet-1.3.jar;C:\Users\LENOVO\.m2\repository\org\apache\logging\log4j\log4j-api\2.23.1\log4j-api-2.23.1.jar;C:\Users\LENOVO\.m2\repository\org\apache\poi\poi-scratchpad\5.2.5\poi-scratchpad-5.2.5.jar;C:\Users\LENOVO\.m2\repository\org\apache\poi\poi-ooxml\5.2.5\poi-ooxml-5.2.5.jar;C:\Users\LENOVO\.m2\repository\org\apache\poi\poi-ooxml-lite\5.2.5\poi-ooxml-lite-5.2.5.jar;C:\Users\LENOVO\.m2\repository\org\apache\xmlbeans\xmlbeans\5.2.0\xmlbeans-5.2.0.jar;C:\Users\LENOVO\.m2\repository\com\github\virtuald\curvesapi\1.08\curvesapi-1.08.jar;C:\Users\LENOVO\.m2\repository\commons-logging\commons-logging\1.3.1\commons-logging-1.3.1.jar;C:\Users\LENOVO\.m2\repository\com\healthmarketscience\jackcess\jackcess\4.0.5\jackcess-4.0.5.jar;C:\Users\LENOVO\.m2\repository\com\healthmarketscience\jackcess\jackcess-encrypt\4.0.2\jackcess-encrypt-4.0.2.jar;C:\Users\LENOVO\.m2\repository\org\slf4j\jcl-over-slf4j\2.0.16\jcl-over-slf4j-2.0.16.jar;C:\Users\LENOVO\.m2\repository\org\apache\tika\tika-parser-miscoffice-module\2.9.2\tika-parser-miscoffice-module-2.9.2.jar;C:\Users\LENOVO\.m2\repository\org\glassfish\jaxb\jaxb-runtime\4.0.5\jaxb-runtime-4.0.5.jar;C:\Users\LENOVO\.m2\repository\org\glassfish\jaxb\jaxb-core\4.0.5\jaxb-core-4.0.5.jar;C:\Users\LENOVO\.m2\repository\org\eclipse\angus\angus-activation\2.0.2\angus-activation-2.0.2.jar;C:\Users\LENOVO\.m2\repository\org\glassfish\jaxb\txw2\4.0.5\txw2-4.0.5.jar;C:\Users\LENOVO\.m2\repository\com\sun\istack\istack-commons-runtime\4.1.2\istack-commons-runtime-4.1.2.jar;C:\Users\LENOVO\.m2\repository\org\apache\tika\tika-parser-news-module\2.9.2\tika-parser-news-module-2.9.2.jar;C:\Users\LENOVO\.m2\repository\com\rometools\rome\2.1.0\rome-2.1.0.jar;C:\Users\LENOVO\.m2\repository\com\rometools\rome-utils\2.1.0\rome-utils-2.1.0.jar;C:\Users\LENOVO\.m2\repository\org\jdom\jdom2\2.0.6.1\jdom2-2.0.6.1.jar;C:\Users\LENOVO\.m2\repository\org\apache\tika\tika-parser-ocr-module\2.9.2\tika-parser-ocr-module-2.9.2.jar;C:\Users\LENOVO\.m2\repository\org\apache\commons\commons-exec\1.4.0\commons-exec-1.4.0.jar;C:\Users\LENOVO\.m2\repository\org\apache\tika\tika-parser-pdf-module\2.9.2\tika-parser-pdf-module-2.9.2.jar;C:\Users\LENOVO\.m2\repository\org\apache\pdfbox\pdfbox\2.0.31\pdfbox-2.0.31.jar;C:\Users\LENOVO\.m2\repository\org\apache\pdfbox\pdfbox-tools\2.0.31\pdfbox-tools-2.0.31.jar;C:\Users\LENOVO\.m2\repository\org\apache\pdfbox\jempbox\1.8.17\jempbox-1.8.17.jar;C:\Users\LENOVO\.m2\repository\org\apache\tika\tika-parser-pkg-module\2.9.2\tika-parser-pkg-module-2.9.2.jar;C:\Users\LENOVO\.m2\repository\org\tukaani\xz\1.9\xz-1.9.jar;C:\Users\LENOVO\.m2\repository\org\brotli\dec\0.1.2\dec-0.1.2.jar;C:\Users\LENOVO\.m2\repository\com\github\junrar\junrar\7.5.5\junrar-7.5.5.jar;C:\Users\LENOVO\.m2\repository\org\apache\tika\tika-parser-text-module\2.9.2\tika-parser-text-module-2.9.2.jar;C:\Users\LENOVO\.m2\repository\com\github\albfernandez\juniversalchardet\2.4.0\juniversalchardet-2.4.0.jar;C:\Users\LENOVO\.m2\repository\org\apache\commons\commons-csv\1.10.0\commons-csv-1.10.0.jar;C:\Users\LENOVO\.m2\repository\org\apache\tika\tika-parser-webarchive-module\2.9.2\tika-parser-webarchive-module-2.9.2.jar;C:\Users\LENOVO\.m2\repository\org\netpreserve\jwarc\0.29.0\jwarc-0.29.0.jar;C:\Users\LENOVO\.m2\repository\org\apache\commons\commons-compress\1.26.1\commons-compress-1.26.1.jar;C:\Users\LENOVO\.m2\repository\org\apache\tika\tika-parser-xml-module\2.9.2\tika-parser-xml-module-2.9.2.jar;C:\Users\LENOVO\.m2\repository\xerces\xercesImpl\2.12.2\xercesImpl-2.12.2.jar;C:\Users\LENOVO\.m2\repository\xml-apis\xml-apis\1.4.01\xml-apis-1.4.01.jar;C:\Users\LENOVO\.m2\repository\org\apache\tika\tika-parser-xmp-commons\2.9.2\tika-parser-xmp-commons-2.9.2.jar;C:\Users\LENOVO\.m2\repository\org\apache\pdfbox\xmpbox\2.0.31\xmpbox-2.0.31.jar;C:\Users\LENOVO\.m2\repository\org\gagravarr\vorbis-java-tika\0.8\vorbis-java-tika-0.8.jar;C:\Users\LENOVO\.m2\repository\org\gagravarr\vorbis-java-core\0.8\vorbis-java-core-0.8.jar;C:\Users\LENOVO\.m2\repository\org\springframework\ai\spring-ai-tika-document-reader\1.0.1\spring-ai-tika-document-reader-1.0.1.jar;C:\Users\LENOVO\.m2\repository\org\springframework\ai\spring-ai-commons\1.0.1\spring-ai-commons-1.0.1.jar;C:\Users\LENOVO\.m2\repository\io\micrometer\micrometer-core\1.13.6\micrometer-core-1.13.6.jar;C:\Users\LENOVO\.m2\repository\org\hdrhistogram\HdrHistogram\2.2.2\HdrHistogram-2.2.2.jar;C:\Users\LENOVO\.m2\repository\org\latencyutils\LatencyUtils\2.0.3\LatencyUtils-2.0.3.jar;C:\Users\LENOVO\.m2\repository\io\micrometer\context-propagation\1.1.2\context-propagation-1.1.2.jar;C:\Users\LENOVO\.m2\repository\com\fasterxml\jackson\module\jackson-module-jsonSchema\2.17.2\jackson-module-jsonSchema-2.17.2.jar;C:\Users\LENOVO\.m2\repository\javax\validation\validation-api\1.1.0.Final\validation-api-1.1.0.Final.jar;C:\Users\LENOVO\.m2\repository\com\knuddels\jtokkit\1.1.0\jtokkit-1.1.0.jar;C:\Users\LENOVO\.m2\repository\org\springframework\ai\spring-ai-spring-boot-testcontainers\1.0.1\spring-ai-spring-boot-testcontainers-1.0.1.jar;C:\Users\LENOVO\.m2\repository\org\springframework\boot\spring-boot-testcontainers\3.3.5\spring-boot-testcontainers-3.3.5.jar;C:\Users\LENOVO\.m2\repository\org\testcontainers\testcontainers\1.19.8\testcontainers-1.19.8.jar;C:\Users\LENOVO\.m2\repository\junit\junit\4.13.2\junit-4.13.2.jar;C:\Users\LENOVO\.m2\repository\org\hamcrest\hamcrest-core\2.2\hamcrest-core-2.2.jar;C:\Users\LENOVO\.m2\repository\org\rnorth\duct-tape\duct-tape\1.0.8\duct-tape-1.0.8.jar;C:\Users\LENOVO\.m2\repository\org\jetbrains\annotations\17.0.0\annotations-17.0.0.jar;C:\Users\LENOVO\.m2\repository\com\github\docker-java\docker-java-api\3.3.6\docker-java-api-3.3.6.jar;C:\Users\LENOVO\.m2\repository\com\github\docker-java\docker-java-transport-zerodep\3.3.6\docker-java-transport-zerodep-3.3.6.jar;C:\Users\LENOVO\.m2\repository\com\github\docker-java\docker-java-transport\3.3.6\docker-java-transport-3.3.6.jar;C:\Users\LENOVO\.m2\repository\net\java\dev\jna\jna\5.13.0\jna-5.13.0.jar;"/>
    <property name="java.vm.vendor" value="Oracle Corporation"/>
    <property name="sun.arch.data.model" value="64"/>
    <property name="user.variant" value=""/>
    <property name="java.vendor.url" value="https://java.oracle.com/"/>
    <property name="user.timezone" value="Asia/Calcutta"/>
    <property name="os.name" value="Windows 10"/>
    <property name="java.vm.specification.version" value="23"/>
    <property name="sun.java.launcher" value="SUN_STANDARD"/>
    <property name="user.country" value="IN"/>
    <property name="sun.boot.library.path" value="C:\Program Files\Java\jdk-23\bin"/>
    <property name="sun.java.command" value="C:\Users\LENOVO\AppData\Local\Temp\surefire16937492793206414469\surefirebooter-20250909121405306_3.jar C:\Users\LENOVO\AppData\Local\Temp\surefire16937492793206414469 2025-09-09T12-14-04_980-jvmRun1 surefire-20250909121405306_1tmp surefire_0-20250909121405306_2tmp"/>
    <property name="jdk.debug" value="release"/>
    <property name="surefire.test.class.path" value="C:\Users\LENOVO\Downloads\Q-A_Bot\target\test-classes;C:\Users\LENOVO\Downloads\Q-A_Bot\target\classes;C:\Users\LENOVO\.m2\repository\org\springframework\boot\spring-boot-starter-web\3.3.5\spring-boot-starter-web-3.3.5.jar;C:\Users\LENOVO\.m2\repository\org\springframework\boot\spring-boot-starter\3.3.5\spring-boot-starter-3.3.5.jar;C:\Users\LENOVO\.m2\repository\org\springframework\boot\spring-boot\3.3.5\spring-boot-3.3.5.jar;C:\Users\LENOVO\.m2\repository\org\springframework\boot\spring-boot-autoconfigure\3.3.5\spring-boot-autoconfigure-3.3.5.jar;C:\Users\LENOVO\.m2\repository\org\springframework\boot\spring-boot-starter-logging\3.3.5\spring-boot-starter-logging-3.3.5.jar;C:\Users\LENOVO\.m2\repository\ch\qos\logback\logback-classic\1.5.11\logback-classic-1.5.11.jar;C:\Users\LENOVO\.m2\repository\ch\qos\logback\logback-core\1.5.11\logback-core-1.5.11.jar;C:\Users\LENOVO\.m2\repository\org\apache\logging\log4j\log4j-to-slf4j\2.23.1\log4j-to-slf4j-2.23.1.jar;C:\Users\LENOVO\.m2\repository\org\slf4j\jul-to-slf4j\2.0.16\jul-to-slf4j-2.0.16.jar;C:\Users\LENOVO\.m2\repository\jakarta\annotation\jakarta.annotation-api\2.1.1\jakarta.annotation-api-2.1.1.jar;C:\Users\LENOVO\.m2\repository\org\yaml\snakeyaml\2.2\snakeyaml-2.2.jar;C:\Users\LENOVO\.m2\repository\org\springframework\boot\spring-boot-starter-json\3.3.5\spring-boot-starter-json-3.3.5.jar;C:\Users\LENOVO\.m2\repository\com\fasterxml\jackson\core\jackson-databind\2.17.2\jackson-databind-2.17.2.jar;C:\Users\LENOVO\.m2\repository\com\fasterxml\jackson\core\jackson-annotations\2.17.2\jackson-annotations-2.17.2.jar;C:\Users\LENOVO\.m2\repository\com\fasterxml\jackson\datatype\jackson-datatype-jdk8\2.17.2\jackson-datatype-jdk8-2.17.2.jar;C:\Users\LENOVO\.m2\repository\com\fasterxml\jackson\datatype\jackson-datatype-jsr310\2.17.2\jackson-datatype-jsr310-2.17.2.jar;C:\Users\LENOVO\.m2\repository\com\fasterxml\jackson\module\jackson-module-parameter-names\2.17.2\jackson-module-parameter-names-2.17.2.jar;C:\Users\LENOVO\.m2\repository\org\springframework\boot\spring-boot-starter-tomcat\3.3.5\spring-boot-starter-tomcat-3.3.5.jar;C:\Users\LENOVO\.m2\repository\org\apache\tomcat\embed\tomcat-embed-core\10.1.31\tomcat-embed-core-10.1.31.jar;C:\Users\LENOVO\.m2\repository\org\apache\tomcat\embed\tomcat-embed-el\10.1.31\tomcat-embed-el-10.1.31.jar;C:\Users\LENOVO\.m2\repository\org\apache\tomcat\embed\tomcat-embed-websocket\10.1.31\tomcat-embed-websocket-10.1.31.jar;C:\Users\LENOVO\.m2\repository\org\springframework\spring-web\6.1.14\spring-web-6.1.14.jar;C:\Users\LENOVO\.m2\repository\org\springframework\spring-beans\6.1.14\spring-beans-6.1.14.jar;C:\Users\LENOVO\.m2\repository\io\micrometer\micrometer-observation\1.13.6\micrometer-observation-1.13.6.jar;C:\Users\LENOVO\.m2\repository\io\micrometer\micrometer-commons\1.13.6\micrometer-commons-1.13.6.jar;C:\Users\LENOVO\.m2\repository\org\springframework\spring-webmvc\6.1.14\spring-webmvc-6.1.14.jar;C:\Users\LENOVO\.m2\repository\org\springframework\spring-aop\6.1.14\spring-aop-6.1.14.jar;C:\Users\LENOVO\.m2\repository\org\springframework\spring-context\6.1.14\spring-context-6.1.14.jar;C:\Users\LENOVO\.m2\repository\org\springframework\spring-expression\6.1.14\spring-expression-6.1.14.jar;C:\Users\LENOVO\.m2\repository\com\google\protobuf\protobuf-java\4.29.3\protobuf-java-4.29.3.jar;C:\Users\LENOVO\.m2\repository\org\springframework\boot\spring-boot-starter-jdbc\3.3.5\spring-boot-starter-jdbc-3.3.5.jar;C:\Users\LENOVO\.m2\repository\com\zaxxer\HikariCP\5.1.0\HikariCP-5.1.0.jar;C:\Users\LENOVO\.m2\repository\org\springframework\spring-jdbc\6.1.14\spring-jdbc-6.1.14.jar;C:\Users\LENOVO\.m2\repository\org\springframework\spring-tx\6.1.14\spring-tx-6.1.14.jar;C:\Users\LENOVO\.m2\repository\org\projectlombok\lombok\1.18.34\lombok-1.18.34.jar;C:\Users\LENOVO\.m2\repository\org\springframework\boot\spring-boot-starter-test\3.3.5\spring-boot-starter-test-3.3.5.jar;C:\Users\LENOVO\.m2\repository\org\springframework\boot\spring-boot-test\3.3.5\spring-boot-test-3.3.5.jar;C:\Users\LENOVO\.m2\repository\org\springframework\boot\spring-boot-test-autoconfigure\3.3.5\spring-boot-test-autoconfigure-3.3.5.jar;C:\Users\LENOVO\.m2\repository\com\jayway\jsonpath\json-path\2.9.0\json-path-2.9.0.jar;C:\Users\LENOVO\.m2\repository\jakarta\xml\bind\jakarta.xml.bind-api\4.0.2\jakarta.xml.bind-api-4.0.2.jar;C:\Users\LENOVO\.m2\repository\jakarta\activation\jakarta.activation-api\2.1.3\jakarta.activation-api-2.1.3.jar;C:\Users\LENOVO\.m2\repository\net\minidev\json-smart\2.5.1\json-smart-2.5.1.jar;C:\Users\LENOVO\.m2\repository\net\minidev\accessors-smart\2.5.1\accessors-smart-2.5.1.jar;C:\Users\LENOVO\.m2\repository\org\assertj\assertj-core\3.25.3\assertj-core-3.25.3.jar;C:\Users\LENOVO\.m2\repository\net\bytebuddy\byte-buddy\1.14.19\byte-buddy-1.14.19.jar;C:\Users\LENOVO\.m2\repository\org\awaitility\awaitility\4.2.2\awaitility-4.2.2.jar;C:\Users\LENOVO\.m2\repository\org\hamcrest\hamcrest\2.2\hamcrest-2.2.jar;C:\Users\LENOVO\.m2\repository\org\junit\jupiter\junit-jupiter\5.10.5\junit-jupiter-5.10.5.jar;C:\Users\LENOVO\.m2\repository\org\junit\jupiter\junit-jupiter-api\5.10.5\junit-jupiter-api-5.10.5.jar;C:\Users\LENOVO\.m2\repository\org\opentest4j\opentest4j\1.3.0\opentest4j-1.3.0.jar;C:\Users\LENOVO\.m2\repository\org\junit\platform\junit-platform-commons\1.10.5\junit-platform-commons-1.10.5.jar;C:\Users\LENOVO\.m2\repository\org\apiguardian\apiguardian-api\1.1.2\apiguardian-api-1.1.2.jar;C:\Users\LENOVO\.m2\repository\org\junit\jupiter\junit-jupiter-params\5.10.5\junit-jupiter-params-5.10.5.jar;C:\Users\LENOVO\.m2\repository\org\junit\jupiter\junit-jupiter-engine\5.10.5\junit-jupiter-engine-5.10.5.jar;C:\Users\LENOVO\.m2\repository\org\junit\platform\junit-platform-engine\1.10.5\junit-platform-engine-1.10.5.jar;C:\Users\LENOVO\.m2\repository\org\mockito\mockito-core\5.11.0\mockito-core-5.11.0.jar;C:\Users\LENOVO\.m2\repository\net\bytebuddy\byte-buddy-agent\1.14.19\byte-buddy-agent-1.14.19.jar;C:\Users\LENOVO\.m2\repository\org\objenesis\objenesis\3.3\objenesis-3.3.jar;C:\Users\LENOVO\.m2\repository\org\mockito\mockito-junit-jupiter\5.11.0\mockito-junit-jupiter-5.11.0.jar;C:\Users\LENOVO\.m2\repository\org\skyscreamer\jsonassert\1.5.3\jsonassert-1.5.3.jar;C:\Users\LENOVO\.m2\repository\com\vaadin\external\google\android-json\0.0.20131108.vaadin1\android-json-0.0.20131108.vaadin1.jar;C:\Users\LENOVO\.m2\repository\org\springframework\spring-core\6.1.14\spring-core-6.1.14.jar;C:\Users\LENOVO\.m2\repository\org\springframework\spring-jcl\6.1.14\spring-jcl-6.1.14.jar;C:\Users\LENOVO\.m2\repository\org\springframework\spring-test\6.1.14\spring-test-6.1.14.jar;C:\Users\LENOVO\.m2\repository\org\xmlunit\xmlunit-core\2.9.1\xmlunit-core-2.9.1.jar;C:\Users\LENOVO\.m2\repository\org\springframework\ai\spring-ai-starter-model-ollama\1.0.1\spring-ai-starter-model-ollama-1.0.1.jar;C:\Users\LENOVO\.m2\repository\org\springframework\ai\spring-ai-autoconfigure-model-ollama\1.0.1\spring-ai-autoconfigure-model-ollama-1.0.1.jar;C:\Users\LENOVO\.m2\repository\org\springframework\ai\spring-ai-autoconfigure-retry\1.0.1\spring-ai-autoconfigure-retry-1.0.1.jar;C:\Users\LENOVO\.m2\repository\org\springframework\ai\spring-ai-autoconfigure-model-tool\1.0.1\spring-ai-autoconfigure-model-tool-1.0.1.jar;C:\Users\LENOVO\.m2\repository\org\springframework\ai\spring-ai-autoconfigure-model-chat-observation\1.0.1\spring-ai-autoconfigure-model-chat-observation-1.0.1.jar;C:\Users\LENOVO\.m2\repository\org\springframework\ai\spring-ai-autoconfigure-model-embedding-observation\1.0.1\spring-ai-autoconfigure-model-embedding-observation-1.0.1.jar;C:\Users\LENOVO\.m2\repository\org\springframework\ai\spring-ai-ollama\1.0.1\spring-ai-ollama-1.0.1.jar;C:\Users\LENOVO\.m2\repository\org\springframework\ai\spring-ai-model\1.0.1\spring-ai-model-1.0.1.jar;C:\Users\LENOVO\.m2\repository\org\springframework\ai\spring-ai-template-st\1.0.1\spring-ai-template-st-1.0.1.jar;C:\Users\LENOVO\.m2\repository\org\antlr\ST4\4.3.4\ST4-4.3.4.jar;C:\Users\LENOVO\.m2\repository\org\antlr\antlr-runtime\3.5.3\antlr-runtime-3.5.3.jar;C:\Users\LENOVO\.m2\repository\org\springframework\spring-messaging\6.1.14\spring-messaging-6.1.14.jar;C:\Users\LENOVO\.m2\repository\io\projectreactor\reactor-core\3.6.11\reactor-core-3.6.11.jar;C:\Users\LENOVO\.m2\repository\org\reactivestreams\reactive-streams\1.0.4\reactive-streams-1.0.4.jar;C:\Users\LENOVO\.m2\repository\org\antlr\antlr4-runtime\4.13.1\antlr4-runtime-4.13.1.jar;C:\Users\LENOVO\.m2\repository\com\github\victools\jsonschema-generator\4.37.0\jsonschema-generator-4.37.0.jar;C:\Users\LENOVO\.m2\repository\com\fasterxml\classmate\1.7.0\classmate-1.7.0.jar;C:\Users\LENOVO\.m2\repository\com\github\victools\jsonschema-module-jackson\4.37.0\jsonschema-module-jackson-4.37.0.jar;C:\Users\LENOVO\.m2\repository\com\github\victools\jsonschema-module-swagger-2\4.37.0\jsonschema-module-swagger-2-4.37.0.jar;C:\Users\LENOVO\.m2\repository\io\swagger\core\v3\swagger-annotations-jakarta\2.2.25\swagger-annotations-jakarta-2.2.25.jar;C:\Users\LENOVO\.m2\repository\org\springframework\ai\spring-ai-retry\1.0.1\spring-ai-retry-1.0.1.jar;C:\Users\LENOVO\.m2\repository\org\springframework\retry\spring-retry\2.0.10\spring-retry-2.0.10.jar;C:\Users\LENOVO\.m2\repository\org\springframework\spring-webflux\6.1.14\spring-webflux-6.1.14.jar;C:\Users\LENOVO\.m2\repository\org\springframework\ai\spring-ai-autoconfigure-model-chat-client\1.0.1\spring-ai-autoconfigure-model-chat-client-1.0.1.jar;C:\Users\LENOVO\.m2\repository\org\springframework\ai\spring-ai-client-chat\1.0.1\spring-ai-client-chat-1.0.1.jar;C:\Users\LENOVO\.m2\repository\org\springframework\ai\spring-ai-autoconfigure-model-chat-memory\1.0.1\spring-ai-autoconfigure-model-chat-memory-1.0.1.jar;C:\Users\LENOVO\.m2\repository\org\springframework\ai\spring-ai-starter-vector-store-pinecone\1.0.1\spring-ai-starter-vector-store-pinecone-1.0.1.jar;C:\Users\LENOVO\.m2\repository\org\springframework\ai\spring-ai-autoconfigure-vector-store-pinecone\1.0.1\spring-ai-autoconfigure-vector-store-pinecone-1.0.1.jar;C:\Users\LENOVO\.m2\repository\org\springframework\ai\spring-ai-autoconfigure-vector-store-observation\1.0.1\spring-ai-autoconfigure-vector-store-observation-1.0.1.jar;C:\Users\LENOVO\.m2\repository\org\springframework\ai\spring-ai-pinecone-store\1.0.1\spring-ai-pinecone-store-1.0.1.jar;C:\Users\LENOVO\.m2\repository\io\pinecone\pinecone-client\4.0.1\pinecone-client-4.0.1.jar;C:\Users\LENOVO\.m2\repository\io\grpc\grpc-netty\1.60.2\grpc-netty-1.60.2.jar;C:\Users\LENOVO\.m2\repository\io\netty\netty-codec-http2\4.1.114.Final\netty-codec-http2-4.1.114.Final.jar;C:\Users\LENOVO\.m2\repository\io\netty\netty-common\4.1.114.Final\netty-common-4.1.114.Final.jar;C:\Users\LENOVO\.m2\repository\io\netty\netty-buffer\4.1.114.Final\netty-buffer-4.1.114.Final.jar;C:\Users\LENOVO\.m2\repository\io\netty\netty-transport\4.1.114.Final\netty-transport-4.1.114.Final.jar;C:\Users\LENOVO\.m2\repository\io\netty\netty-resolver\4.1.114.Final\netty-resolver-4.1.114.Final.jar;C:\Users\LENOVO\.m2\repository\io\netty\netty-codec\4.1.114.Final\netty-codec-4.1.114.Final.jar;C:\Users\LENOVO\.m2\repository\io\netty\netty-handler\4.1.114.Final\netty-handler-4.1.114.Final.jar;C:\Users\LENOVO\.m2\repository\io\netty\netty-codec-http\4.1.114.Final\netty-codec-http-4.1.114.Final.jar;C:\Users\LENOVO\.m2\repository\io\netty\netty-handler-proxy\4.1.114.Final\netty-handler-proxy-4.1.114.Final.jar;C:\Users\LENOVO\.m2\repository\io\netty\netty-codec-socks\4.1.114.Final\netty-codec-socks-4.1.114.Final.jar;C:\Users\LENOVO\.m2\repository\io\netty\netty-transport-native-unix-common\4.1.114.Final\netty-transport-native-unix-common-4.1.114.Final.jar;C:\Users\LENOVO\.m2\repository\com\google\api\grpc\proto-google-common-protos\2.14.3\proto-google-common-protos-2.14.3.jar;C:\Users\LENOVO\.m2\repository\com\squareup\okhttp3\logging-interceptor\4.12.0\logging-interceptor-4.12.0.jar;C:\Users\LENOVO\.m2\repository\io\gsonfire\gson-fire\1.8.5\gson-fire-1.8.5.jar;C:\Users\LENOVO\.m2\repository\org\openapitools\jackson-databind-nullable\0.2.6\jackson-databind-nullable-0.2.6.jar;C:\Users\LENOVO\.m2\repository\io\netty\netty-tcnative-boringssl-static\2.0.66.Final\netty-tcnative-boringssl-static-2.0.66.Final.jar;C:\Users\LENOVO\.m2\repository\io\netty\netty-tcnative-classes\2.0.66.Final\netty-tcnative-classes-2.0.66.Final.jar;C:\Users\LENOVO\.m2\repository\io\netty\netty-tcnative-boringssl-static\2.0.66.Final\netty-tcnative-boringssl-static-2.0.66.Final-linux-x86_64.jar;C:\Users\LENOVO\.m2\repository\io\netty\netty-tcnative-boringssl-static\2.0.66.Final\netty-tcnative-boringssl-static-2.0.66.Final-linux-aarch_64.jar;C:\Users\LENOVO\.m2\repository\io\netty\netty-tcnative-boringssl-static\2.0.66.Final\netty-tcnative-boringssl-static-2.0.66.Final-osx-x86_64.jar;C:\Users\LENOVO\.m2\repository\io\netty\netty-tcnative-boringssl-static\2.0.66.Final\netty-tcnative-boringssl-static-2.0.66.Final-osx-aarch_64.jar;C:\Users\LENOVO\.m2\repository\io\netty\netty-tcnative-boringssl-static\2.0.66.Final\netty-tcnative-boringssl-static-2.0.66.Final-windows-x86_64.jar;C:\Users\LENOVO\.m2\repository\com\google\protobuf\protobuf-java-util\4.29.3\protobuf-java-util-4.29.3.jar;C:\Users\LENOVO\.m2\repository\com\google\code\findbugs\jsr305\3.0.2\jsr305-3.0.2.jar;C:\Users\LENOVO\.m2\repository\com\google\errorprone\error_prone_annotations\2.18.0\error_prone_annotations-2.18.0.jar;C:\Users\LENOVO\.m2\repository\com\google\guava\guava\32.0.1-jre\guava-32.0.1-jre.jar;C:\Users\LENOVO\.m2\repository\com\google\guava\failureaccess\1.0.1\failureaccess-1.0.1.jar;C:\Users\LENOVO\.m2\repository\com\google\guava\listenablefuture\9999.0-empty-to-avoid-conflict-with-guava\listenablefuture-9999.0-empty-to-avoid-conflict-with-guava.jar;C:\Users\LENOVO\.m2\repository\com\google\j2objc\j2objc-annotations\2.8\j2objc-annotations-2.8.jar;C:\Users\LENOVO\.m2\repository\org\springframework\ai\spring-ai-starter-vector-store-pgvector\1.0.1\spring-ai-starter-vector-store-pgvector-1.0.1.jar;C:\Users\LENOVO\.m2\repository\org\springframework\ai\spring-ai-autoconfigure-vector-store-pgvector\1.0.1\spring-ai-autoconfigure-vector-store-pgvector-1.0.1.jar;C:\Users\LENOVO\.m2\repository\org\springframework\ai\spring-ai-pgvector-store\1.0.1\spring-ai-pgvector-store-1.0.1.jar;C:\Users\LENOVO\.m2\repository\org\postgresql\postgresql\42.7.4\postgresql-42.7.4.jar;C:\Users\LENOVO\.m2\repository\org\checkerframework\checker-qual\3.42.0\checker-qual-3.42.0.jar;C:\Users\LENOVO\.m2\repository\com\pgvector\pgvector\0.1.6\pgvector-0.1.6.jar;C:\Users\LENOVO\.m2\repository\org\springframework\ai\spring-ai-milvus-store\1.0.1\spring-ai-milvus-store-1.0.1.jar;C:\Users\LENOVO\.m2\repository\org\springframework\ai\spring-ai-vector-store\1.0.1\spring-ai-vector-store-1.0.1.jar;C:\Users\LENOVO\.m2\repository\io\milvus\milvus-sdk-java\2.5.8\milvus-sdk-java-2.5.8.jar;C:\Users\LENOVO\.m2\repository\io\grpc\grpc-netty-shaded\1.59.1\grpc-netty-shaded-1.59.1.jar;C:\Users\LENOVO\.m2\repository\io\perfmark\perfmark-api\0.26.0\perfmark-api-0.26.0.jar;C:\Users\LENOVO\.m2\repository\io\grpc\grpc-core\1.59.1\grpc-core-1.59.1.jar;C:\Users\LENOVO\.m2\repository\com\google\android\annotations\4.1.1.4\annotations-4.1.1.4.jar;C:\Users\LENOVO\.m2\repository\org\codehaus\mojo\animal-sniffer-annotations\1.23\animal-sniffer-annotations-1.23.jar;C:\Users\LENOVO\.m2\repository\io\grpc\grpc-context\1.59.1\grpc-context-1.59.1.jar;C:\Users\LENOVO\.m2\repository\io\grpc\grpc-util\1.59.1\grpc-util-1.59.1.jar;C:\Users\LENOVO\.m2\repository\io\grpc\grpc-protobuf\1.59.1\grpc-protobuf-1.59.1.jar;C:\Users\LENOVO\.m2\repository\io\grpc\grpc-api\1.59.1\grpc-api-1.59.1.jar;C:\Users\LENOVO\.m2\repository\io\grpc\grpc-protobuf-lite\1.59.1\grpc-protobuf-lite-1.59.1.jar;C:\Users\LENOVO\.m2\repository\io\grpc\grpc-stub\1.59.1\grpc-stub-1.59.1.jar;C:\Users\LENOVO\.m2\repository\org\apache\commons\commons-text\1.10.0\commons-text-1.10.0.jar;C:\Users\LENOVO\.m2\repository\org\apache\commons\commons-collections4\4.3\commons-collections4-4.3.jar;C:\Users\LENOVO\.m2\repository\com\squareup\okhttp3\okhttp\4.12.0\okhttp-4.12.0.jar;C:\Users\LENOVO\.m2\repository\com\squareup\okio\okio\3.6.0\okio-3.6.0.jar;C:\Users\LENOVO\.m2\repository\com\squareup\okio\okio-jvm\3.6.0\okio-jvm-3.6.0.jar;C:\Users\LENOVO\.m2\repository\org\jetbrains\kotlin\kotlin-stdlib-common\1.9.25\kotlin-stdlib-common-1.9.25.jar;C:\Users\LENOVO\.m2\repository\org\jetbrains\kotlin\kotlin-stdlib-jdk8\1.9.25\kotlin-stdlib-jdk8-1.9.25.jar;C:\Users\LENOVO\.m2\repository\org\jetbrains\kotlin\kotlin-stdlib\1.9.25\kotlin-stdlib-1.9.25.jar;C:\Users\LENOVO\.m2\repository\org\jetbrains\kotlin\kotlin-stdlib-jdk7\1.9.25\kotlin-stdlib-jdk7-1.9.25.jar;C:\Users\LENOVO\.m2\repository\com\google\code\gson\gson\2.10.1\gson-2.10.1.jar;C:\Users\LENOVO\.m2\repository\org\apache\commons\commons-pool2\2.12.0\commons-pool2-2.12.0.jar;C:\Users\LENOVO\.m2\repository\org\apache\tika\tika-core\2.9.2\tika-core-2.9.2.jar;C:\Users\LENOVO\.m2\repository\org\slf4j\slf4j-api\2.0.16\slf4j-api-2.0.16.jar;C:\Users\LENOVO\.m2\repository\commons-io\commons-io\2.15.1\commons-io-2.15.1.jar;C:\Users\LENOVO\.m2\repository\org\apache\tika\tika-parsers-standard-package\2.9.2\tika-parsers-standard-package-2.9.2.jar;C:\Users\LENOVO\.m2\repository\org\apache\tika\tika-parser-apple-module\2.9.2\tika-parser-apple-module-2.9.2.jar;C:\Users\LENOVO\.m2\repository\org\apache\tika\tika-parser-zip-commons\2.9.2\tika-parser-zip-commons-2.9.2.jar;C:\Users\LENOVO\.m2\repository\com\googlecode\plist\dd-plist\1.28\dd-plist-1.28.jar;C:\Users\LENOVO\.m2\repository\org\apache\tika\tika-parser-audiovideo-module\2.9.2\tika-parser-audiovideo-module-2.9.2.jar;C:\Users\LENOVO\.m2\repository\com\drewnoakes\metadata-extractor\2.19.0\metadata-extractor-2.19.0.jar;C:\Users\LENOVO\.m2\repository\com\adobe\xmp\xmpcore\6.1.11\xmpcore-6.1.11.jar;C:\Users\LENOVO\.m2\repository\org\apache\tika\tika-parser-cad-module\2.9.2\tika-parser-cad-module-2.9.2.jar;C:\Users\LENOVO\.m2\repository\com\fasterxml\jackson\core\jackson-core\2.17.2\jackson-core-2.17.2.jar;C:\Users\LENOVO\.m2\repository\org\apache\tika\tika-parser-code-module\2.9.2\tika-parser-code-module-2.9.2.jar;C:\Users\LENOVO\.m2\repository\org\codelibs\jhighlight\1.1.0\jhighlight-1.1.0.jar;C:\Users\LENOVO\.m2\repository\org\ccil\cowan\tagsoup\tagsoup\1.2.1\tagsoup-1.2.1.jar;C:\Users\LENOVO\.m2\repository\org\ow2\asm\asm\9.7\asm-9.7.jar;C:\Users\LENOVO\.m2\repository\com\epam\parso\2.0.14\parso-2.0.14.jar;C:\Users\LENOVO\.m2\repository\org\tallison\jmatio\1.5\jmatio-1.5.jar;C:\Users\LENOVO\.m2\repository\org\apache\tika\tika-parser-crypto-module\2.9.2\tika-parser-crypto-module-2.9.2.jar;C:\Users\LENOVO\.m2\repository\org\bouncycastle\bcmail-jdk18on\1.77\bcmail-jdk18on-1.77.jar;C:\Users\LENOVO\.m2\repository\org\bouncycastle\bcutil-jdk18on\1.77\bcutil-jdk18on-1.77.jar;C:\Users\LENOVO\.m2\repository\org\bouncycastle\bcpkix-jdk18on\1.77\bcpkix-jdk18on-1.77.jar;C:\Users\LENOVO\.m2\repository\org\bouncycastle\bcprov-jdk18on\1.77\bcprov-jdk18on-1.77.jar;C:\Users\LENOVO\.m2\repository\org\apache\tika\tika-parser-digest-commons\2.9.2\tika-parser-digest-commons-2.9.2.jar;C:\Users\LENOVO\.m2\repository\commons-codec\commons-codec\1.16.1\commons-codec-1.16.1.jar;C:\Users\LENOVO\.m2\repository\org\apache\tika\tika-parser-font-module\2.9.2\tika-parser-font-module-2.9.2.jar;C:\Users\LENOVO\.m2\repository\org\apache\pdfbox\fontbox\2.0.31\fontbox-2.0.31.jar;C:\Users\LENOVO\.m2\repository\org\apache\tika\tika-parser-html-module\2.9.2\tika-parser-html-module-2.9.2.jar;C:\Users\LENOVO\.m2\repository\org\apache\tika\tika-parser-image-module\2.9.2\tika-parser-image-module-2.9.2.jar;C:\Users\LENOVO\.m2\repository\com\github\jai-imageio\jai-imageio-core\1.4.0\jai-imageio-core-1.4.0.jar;C:\Users\LENOVO\.m2\repository\org\apache\pdfbox\jbig2-imageio\3.0.4\jbig2-imageio-3.0.4.jar;C:\Users\LENOVO\.m2\repository\org\apache\tika\tika-parser-mail-module\2.9.2\tika-parser-mail-module-2.9.2.jar;C:\Users\LENOVO\.m2\repository\org\apache\tika\tika-parser-mail-commons\2.9.2\tika-parser-mail-commons-2.9.2.jar;C:\Users\LENOVO\.m2\repository\org\apache\james\apache-mime4j-core\0.8.11\apache-mime4j-core-0.8.11.jar;C:\Users\LENOVO\.m2\repository\org\apache\james\apache-mime4j-dom\0.8.11\apache-mime4j-dom-0.8.11.jar;C:\Users\LENOVO\.m2\repository\org\apache\tika\tika-parser-microsoft-module\2.9.2\tika-parser-microsoft-module-2.9.2.jar;C:\Users\LENOVO\.m2\repository\com\pff\java-libpst\0.9.3\java-libpst-0.9.3.jar;C:\Users\LENOVO\.m2\repository\org\apache\commons\commons-lang3\3.14.0\commons-lang3-3.14.0.jar;C:\Users\LENOVO\.m2\repository\org\apache\poi\poi\5.2.5\poi-5.2.5.jar;C:\Users\LENOVO\.m2\repository\org\apache\commons\commons-math3\3.6.1\commons-math3-3.6.1.jar;C:\Users\LENOVO\.m2\repository\com\zaxxer\SparseBitSet\1.3\SparseBitSet-1.3.jar;C:\Users\LENOVO\.m2\repository\org\apache\logging\log4j\log4j-api\2.23.1\log4j-api-2.23.1.jar;C:\Users\LENOVO\.m2\repository\org\apache\poi\poi-scratchpad\5.2.5\poi-scratchpad-5.2.5.jar;C:\Users\LENOVO\.m2\repository\org\apache\poi\poi-ooxml\5.2.5\poi-ooxml-5.2.5.jar;C:\Users\LENOVO\.m2\repository\org\apache\poi\poi-ooxml-lite\5.2.5\poi-ooxml-lite-5.2.5.jar;C:\Users\LENOVO\.m2\repository\org\apache\xmlbeans\xmlbeans\5.2.0\xmlbeans-5.2.0.jar;C:\Users\LENOVO\.m2\repository\com\github\virtuald\curvesapi\1.08\curvesapi-1.08.jar;C:\Users\LENOVO\.m2\repository\commons-logging\commons-logging\1.3.1\commons-logging-1.3.1.jar;C:\Users\LENOVO\.m2\repository\com\healthmarketscience\jackcess\jackcess\4.0.5\jackcess-4.0.5.jar;C:\Users\LENOVO\.m2\repository\com\healthmarketscience\jackcess\jackcess-encrypt\4.0.2\jackcess-encrypt-4.0.2.jar;C:\Users\LENOVO\.m2\repository\org\slf4j\jcl-over-slf4j\2.0.16\jcl-over-slf4j-2.0.16.jar;C:\Users\LENOVO\.m2\repository\org\apache\tika\tika-parser-miscoffice-module\2.9.2\tika-parser-miscoffice-module-2.9.2.jar;C:\Users\LENOVO\.m2\repository\org\glassfish\jaxb\jaxb-runtime\4.0.5\jaxb-runtime-4.0.5.jar;C:\Users\LENOVO\.m2\repository\org\glassfish\jaxb\jaxb-core\4.0.5\jaxb-core-4.0.5.jar;C:\Users\LENOVO\.m2\repository\org\eclipse\angus\angus-activation\2.0.2\angus-activation-2.0.2.jar;C:\Users\LENOVO\.m2\repository\org\glassfish\jaxb\txw2\4.0.5\txw2-4.0.5.jar;C:\Users\LENOVO\.m2\repository\com\sun\istack\istack-commons-runtime\4.1.2\istack-commons-runtime-4.1.2.jar;C:\Users\LENOVO\.m2\repository\org\apache\tika\tika-parser-news-module\2.9.2\tika-parser-news-module-2.9.2.jar;C:\Users\LENOVO\.m2\repository\com\rometools\rome\2.1.0\rome-2.1.0.jar;C:\Users\LENOVO\.m2\repository\com\rometools\rome-utils\2.1.0\rome-utils-2.1.0.jar;C:\Users\LENOVO\.m2\repository\org\jdom\jdom2\2.0.6.1\jdom2-2.0.6.1.jar;C:\Users\LENOVO\.m2\repository\org\apache\tika\tika-parser-ocr-module\2.9.2\tika-parser-ocr-module-2.9.2.jar;C:\Users\LENOVO\.m2\repository\org\apache\commons\commons-exec\1.4.0\commons-exec-1.4.0.jar;C:\Users\LENOVO\.m2\repository\org\apache\tika\tika-parser-pdf-module\2.9.2\tika-parser-pdf-module-2.9.2.jar;C:\Users\LENOVO\.m2\repository\org\apache\pdfbox\pdfbox\2.0.31\pdfbox-2.0.31.jar;C:\Users\LENOVO\.m2\repository\org\apache\pdfbox\pdfbox-tools\2.0.31\pdfbox-tools-2.0.31.jar;C:\Users\LENOVO\.m2\repository\org\apache\pdfbox\jempbox\1.8.17\jempbox-1.8.17.jar;C:\Users\LENOVO\.m2\repository\org\apache\tika\tika-parser-pkg-module\2.9.2\tika-parser-pkg-module-2.9.2.jar;C:\Users\LENOVO\.m2\repository\org\tukaani\xz\1.9\xz-1.9.jar;C:\Users\LENOVO\.m2\repository\org\brotli\dec\0.1.2\dec-0.1.2.jar;C:\Users\LENOVO\.m2\repository\com\github\junrar\junrar\7.5.5\junrar-7.5.5.jar;C:\Users\LENOVO\.m2\repository\org\apache\tika\tika-parser-text-module\2.9.2\tika-parser-text-module-2.9.2.jar;C:\Users\LENOVO\.m2\repository\com\github\albfernandez\juniversalchardet\2.4.0\juniversalchardet-2.4.0.jar;C:\Users\LENOVO\.m2\repository\org\apache\commons\commons-csv\1.10.0\commons-csv-1.10.0.jar;C:\Users\LENOVO\.m2\repository\org\apache\tika\tika-parser-webarchive-module\2.9.2\tika-parser-webarchive-module-2.9.2.jar;C:\Users\LENOVO\.m2\repository\org\netpreserve\jwarc\0.29.0\jwarc-0.29.0.jar;C:\Users\LENOVO\.m2\repository\org\apache\commons\commons-compress\1.26.1\commons-compress-1.26.1.jar;C:\Users\LENOVO\.m2\repository\org\apache\tika\tika-parser-xml-module\2.9.2\tika-parser-xml-module-2.9.2.jar;C:\Users\LENOVO\.m2\repository\xerces\xercesImpl\2.12.2\xercesImpl-2.12.2.jar;C:\Users\LENOVO\.m2\repository\xml-apis\xml-apis\1.4.01\xml-apis-1.4.01.jar;C:\Users\LENOVO\.m2\repository\org\apache\tika\tika-parser-xmp-commons\2.9.2\tika-parser-xmp-commons-2.9.2.jar;C:\Users\LENOVO\.m2\repository\org\apache\pdfbox\xmpbox\2.0.31\xmpbox-2.0.31.jar;C:\Users\LENOVO\.m2\repository\org\gagravarr\vorbis-java-tika\0.8\vorbis-java-tika-0.8.jar;C:\Users\LENOVO\.m2\repository\org\gagravarr\vorbis-java-core\0.8\vorbis-java-core-0.8.jar;C:\Users\LENOVO\.m2\repository\org\springframework\ai\spring-ai-tika-document-reader\1.0.1\spring-ai-tika-document-reader-1.0.1.jar;C:\Users\LENOVO\.m2\repository\org\springframework\ai\spring-ai-commons\1.0.1\spring-ai-commons-1.0.1.jar;C:\Users\LENOVO\.m2\repository\io\micrometer\micrometer-core\1.13.6\micrometer-core-1.13.6.jar;C:\Users\LENOVO\.m2\repository\org\hdrhistogram\HdrHistogram\2.2.2\HdrHistogram-2.2.2.jar;C:\Users\LENOVO\.m2\repository\org\latencyutils\LatencyUtils\2.0.3\LatencyUtils-2.0.3.jar;C:\Users\LENOVO\.m2\repository\io\micrometer\context-propagation\1.1.2\context-propagation-1.1.2.jar;C:\Users\LENOVO\.m2\repository\com\fasterxml\jackson\module\jackson-module-jsonSchema\2.17.2\jackson-module-jsonSchema-2.17.2.jar;C:\Users\LENOVO\.m2\repository\javax\validation\validation-api\1.1.0.Final\validation-api-1.1.0.Final.jar;C:\Users\LENOVO\.m2\repository\com\knuddels\jtokkit\1.1.0\jtokkit-1.1.0.jar;C:\Users\LENOVO\.m2\repository\org\springframework\ai\spring-ai-spring-boot-testcontainers\1.0.1\spring-ai-spring-boot-testcontainers-1.0.1.jar;C:\Users\LENOVO\.m2\repository\org\springframework\boot\spring-boot-testcontainers\3.3.5\spring-boot-testcontainers-3.3.5.jar;C:\Users\LENOVO\.m2\repository\org\testcontainers\testcontainers\1.19.8\testcontainers-1.19.8.jar;C:\Users\LENOVO\.m2\repository\junit\junit\4.13.2\junit-4.13.2.jar;C:\Users\LENOVO\.m2\repository\org\hamcrest\hamcrest-core\2.2\hamcrest-core-2.2.jar;C:\Users\LENOVO\.m2\repository\org\rnorth\duct-tape\duct-tape\1.0.8\duct-tape-1.0.8.jar;C:\Users\LENOVO\.m2\repository\org\jetbrains\annotations\17.0.0\annotations-17.0.0.jar;C:\Users\LENOVO\.m2\repository\com\github\docker-java\docker-java-api\3.3.6\docker-java-api-3.3.6.jar;C:\Users\LENOVO\.m2\repository\com\github\docker-java\docker-java-transport-zerodep\3.3.6\docker-java-transport-zerodep-3.3.6.jar;C:\Users\LENOVO\.m2\repository\com\github\docker-java\docker-java-transport\3.3.6\docker-java-transport-3.3.6.jar;C:\Users\LENOVO\.m2\repository\net\java\dev\jna\jna\5.13.0\jna-5.13.0.jar;"/>
    <property name="sun.cpu.endian" value="little"/>
    <property name="user.home" value="C:\Users\LENOVO"/>
    <property name="user.language" value="en"/>
    <property name="java.specification.vendor" value="Oracle Corporation"/>
    <property name="java.version.date" value="2024-10-15"/>
    <property name="java.home" value="C:\Program Files\Java\jdk-23"/>
    <property name="file.separator" value="\"/>
    <property name="basedir" value="C:\Users\LENOVO\Downloads\Q-A_Bot"/>
    <property name="java.vm.compressedOopsMode" value="32-bit"/>
    <property name="line.separator" value="&#10;"/>
    <property name="java.vm.specification.vendor" value="Oracle Corporation"/>
    <property name="java.specification.name" value="Java Platform API Specification"/>
    <property name="FILE_LOG_CHARSET" value="UTF-8"/>
    <property name="java.awt.headless" value="true"/>
    <property name="surefire.real.class.path" value="C:\Users\LENOVO\AppData\Local\Temp\surefire16937492793206414469\surefirebooter-20250909121405306_3.jar"/>
    <property name="user.script" value=""/>
    <property name="sun.management.compiler" value="HotSpot 64-Bit Tiered Compilers"/>
    <property name="java.runtime.version" value="23.0.1+11-39"/>
    <property name="user.name" value="LENOVO"/>
    <property name="stdout.encoding" value="Cp1252"/>
    <property name="path.separator" value=";"/>
    <property name="os.version" value="10.0"/>
    <property name="java.runtime.name" value="Java(TM) SE Runtime Environment"/>
    <property name="file.encoding" value="UTF-8"/>
    <property name="java.vm.name" value="Java HotSpot(TM) 64-Bit Server VM"/>
    <property name="localRepository" value="C:\Users\LENOVO\.m2\repository"/>
    <property name="java.vendor.url.bug" value="https://bugreport.java.com/bugreport/"/>
    <property name="java.io.tmpdir" value="C:\Users\LENOVO\AppData\Local\Temp\"/>
    <property name="java.version" value="23.0.1"/>
    <property name="user.dir" value="C:\Users\LENOVO\Downloads\Q-A_Bot"/>
    <property name="os.arch" value="amd64"/>
    <property name="java.vm.specification.name" value="Java Virtual Machine Specification"/>
    <property name="PID" value="9084"/>
    <property name="sun.os.patch.level" value=""/>
    <property name="CONSOLE_LOG_CHARSET" value="UTF-8"/>
    <property name="native.encoding" value="Cp1252"/>
    <property name="java.library.path" value="C:\Program Files\Java\jdk-23\bin;C:\WINDOWS\Sun\Java\bin;C:\WINDOWS\system32;C:\WINDOWS;C:\Program Files\Common Files\Oracle\Java\javapath;C:\WINDOWS\system32;C:\WINDOWS;C:\WINDOWS\System32\Wbem;C:\WINDOWS\System32\WindowsPowerShell\v1.0\;C:\WINDOWS\System32\OpenSSH\;C:\Program Files\MySQL\MySQL Server 8.0\bin;C:\Users\LENOVO\Downloads\apache-maven-3.9.9\bin;C:\Program Files\Git\cmd;C:\Program Files\Docker\Docker\resources\bin;C:\Users\LENOVO\AppData\Local\Programs\Python\Python312\Scripts\;C:\Users\LENOVO\AppData\Local\Programs\Python\Python312\;C:\Users\LENOVO\AppData\Local\Microsoft\WindowsApps;C:\Users\LENOVO\AppData\Local\Programs\Microsoft VS Code\bin;C:\Users\LENOVO\AppData\Local\Programs\Ollama;."/>
    <property name="java.vm.info" value="mixed mode, sharing"/>
    <property name="stderr.encoding" value="Cp1252"/>
    <property name="java.vendor" value="Oracle Corporation"/>
    <property name="java.vm.version" value="23.0.1+11-39"/>
    <property name="sun.io.unicode.encoding" value="UnicodeLittle"/>
    <property name="java.class.version" value="67.0"/>
    <property name="LOGGED_APPLICATION_NAME" value="[rag-app] "/>
  </properties>
  <testcase name="contextLoads" classname="com.pm.Q.A_Bot.ApplicationTests" time="1.498">
    <system-out><![CDATA[12:14:06.863 [main] INFO org.springframework.test.context.support.AnnotationConfigContextLoaderUtils -- Could not detect default configuration classes for test class [com.pm.Q.A_Bot.ApplicationTests]: ApplicationTests does not declare any static, non-private, non-final, nested classes annotated with @Configuration.
12:14:07.192 [main] INFO org.springframework.boot.test.context.SpringBootTestContextBootstrapper -- Found @SpringBootConfiguration com.pm.Q.A_Bot.Application for test class com.pm.Q.A_Bot.ApplicationTests

  .   ____          _            __ _ _
 /\\ / ___'_ __ _ _(_)_ __  __ _ \ \ \ \
( ( )\___ | '_ | '_| | '_ \/ _` | \ \ \ \
 \\/  ___)| |_)| | | | | || (_| |  ) ) ) )
  '  |____| .__|_| |_|_| |_\__, | / / / /
 =========|_|==============|___/=/_/_/_/

 :: Spring Boot ::                (v3.3.5)

2025-09-09T12:14:08.223+05:30  INFO 9084 --- [rag-app] [           main] com.pm.Q.A_Bot.ApplicationTests          : Starting ApplicationTests using Java 23.0.1 with PID 9084 (started by LENOVO in C:\Users\LENOVO\Downloads\Q-A_Bot)
2025-09-09T12:14:08.226+05:30  INFO 9084 --- [rag-app] [           main] com.pm.Q.A_Bot.ApplicationTests          : No active profile set, falling back to 1 default profile: "default"
Pinecone Index: rag-docs
2025-09-09T12:14:13.577+05:30  INFO 9084 --- [rag-app] [           main] com.pm.Q.A_Bot.ApplicationTests          : Started ApplicationTests in 6.058 seconds (process running for 8.085)
]]></system-out>
    <system-err><![CDATA[WARNING: A Java agent has been loaded dynamically (C:\Users\LENOVO\.m2\repository\net\bytebuddy\byte-buddy-agent\1.14.19\byte-buddy-agent-1.14.19.jar)
WARNING: If a serviceability tool is in use, please run with -XX:+EnableDynamicAgentLoading to hide this warning
WARNING: If a serviceability tool is not in use, please run with -Djdk.instrument.traceUsage for more information
WARNING: Dynamic loading of agents will be disallowed by default in a future release
]]></system-err>
  </testcase>
</testsuite>